# JRE version: Java(TM) SE Runtime Environment (22.0.2+9) (build 22.0.2+9-70)
# Java VM: Java HotSpot(TM) 64-Bit Server VM (22.0.2+9-70, mixed mode, sharing, tiered, compressed oops, compressed class ptrs, g1 gc, windows-amd64)
GC Precious Log:
 CardTable entry size: 512
 Card Set container configuration: InlinePtr #cards 4 size 8 Array Of Cards #cards 16 size 48 Howl #buckets 8 coarsen threshold 3686 Howl Bitmap #cards 512 size 80 coarsen threshold 460 Card regions per heap region 1 cards per card region 4096
 CPUs: 8 total, 8 available
 Memory: 16264M
 Large Page Support: Disabled
 NUMA Support: Disabled
 Compressed Oops: Enabled (Zero based)
 Heap Region Size: 2M
 Heap Min Capacity: 8M
 Heap Initial Capacity: 8M
 Heap Max Capacity: 4068M
 Pre-touch: Disabled
 Parallel Workers: 8
 Concurrent Workers: 2
 Concurrent Refinement Workers: 8
 Periodic GC: Disabled
Heap:
 garbage-first heap   total reserved 4165632K, committed 20480K, used 9359K [0x0000000701c00000, 0x0000000800000000)
  region size 2048K, 4 young (8192K), 1 survivors (2048K)
 Metaspace       used 9378K, committed 9600K, reserved 1114112K
  class space    used 1124K, committed 1216K, reserved 1048576K
GC Heap History (14 events):
Event: 0.692 GC heap before
{Heap before GC invocations=0 (full 0):
 garbage-first heap   total reserved 4165632K, committed 8192K, used 4096K [0x0000000701c00000, 0x0000000800000000)
  region size 2048K, 2 young (4096K), 0 survivors (0K)
 Metaspace       used 5664K, committed 5760K, reserved 1114112K
  class space    used 681K, committed 704K, reserved 1048576K
}
Event: 0.698 GC heap after
{Heap after GC invocations=1 (full 0):
 garbage-first heap   total reserved 4165632K, committed 8192K, used 1792K [0x0000000701c00000, 0x0000000800000000)
  region size 2048K, 1 young (2048K), 1 survivors (2048K)
 Metaspace       used 5664K, committed 5760K, reserved 1114112K
  class space    used 681K, committed 704K, reserved 1048576K
}
Event: 0.843 GC heap before
{Heap before GC invocations=1 (full 0):
 garbage-first heap   total reserved 4165632K, committed 8192K, used 3840K [0x0000000701c00000, 0x0000000800000000)
  region size 2048K, 2 young (4096K), 1 survivors (2048K)
 Metaspace       used 7671K, committed 7872K, reserved 1114112K
  class space    used 894K, committed 1024K, reserved 1048576K
}
Event: 0.850 GC heap after
{Heap after GC invocations=2 (full 0):
 garbage-first heap   total reserved 4165632K, committed 8192K, used 2545K [0x0000000701c00000, 0x0000000800000000)
  region size 2048K, 1 young (2048K), 1 survivors (2048K)
 Metaspace       used 7671K, committed 7872K, reserved 1114112K
  class space    used 894K, committed 1024K, reserved 1048576K
}
Event: 0.945 GC heap before
{Heap before GC invocations=2 (full 0):
 garbage-first heap   total reserved 4165632K, committed 8192K, used 4593K [0x0000000701c00000, 0x0000000800000000)
  region size 2048K, 2 young (4096K), 1 survivors (2048K)
 Metaspace       used 7941K, committed 8128K, reserved 1114112K
  class space    used 935K, committed 1024K, reserved 1048576K
}
Event: 0.948 GC heap after
{Heap after GC invocations=3 (full 0):
 garbage-first heap   total reserved 4165632K, committed 8192K, used 3164K [0x0000000701c00000, 0x0000000800000000)
  region size 2048K, 1 young (2048K), 1 survivors (2048K)
 Metaspace       used 7941K, committed 8128K, reserved 1114112K
  class space    used 935K, committed 1024K, reserved 1048576K
}
Event: 0.972 GC heap before
{Heap before GC invocations=3 (full 0):
 garbage-first heap   total reserved 4165632K, committed 8192K, used 5212K [0x0000000701c00000, 0x0000000800000000)
  region size 2048K, 2 young (4096K), 1 survivors (2048K)
 Metaspace       used 7969K, committed 8128K, reserved 1114112K
  class space    used 935K, committed 1024K, reserved 1048576K
}
Event: 0.977 GC heap after
{Heap after GC invocations=4 (full 0):
 garbage-first heap   total reserved 4165632K, committed 10240K, used 3489K [0x0000000701c00000, 0x0000000800000000)
  region size 2048K, 1 young (2048K), 1 survivors (2048K)
 Metaspace       used 7969K, committed 8128K, reserved 1114112K
  class space    used 935K, committed 1024K, reserved 1048576K
}
Event: 1.032 GC heap before
{Heap before GC invocations=4 (full 0):
 garbage-first heap   total reserved 4165632K, committed 10240K, used 5537K [0x0000000701c00000, 0x0000000800000000)
  region size 2048K, 2 young (4096K), 1 survivors (2048K)
 Metaspace       used 8072K, committed 8256K, reserved 1114112K
  class space    used 945K, committed 1024K, reserved 1048576K
}
Event: 1.035 GC heap after
{Heap after GC invocations=5 (full 0):
 garbage-first heap   total reserved 4165632K, committed 10240K, used 3738K [0x0000000701c00000, 0x0000000800000000)
  region size 2048K, 1 young (2048K), 1 survivors (2048K)
 Metaspace       used 8072K, committed 8256K, reserved 1114112K
  class space    used 945K, committed 1024K, reserved 1048576K
}
Event: 1.049 GC heap before
{Heap before GC invocations=5 (full 0):
 garbage-first heap   total reserved 4165632K, committed 10240K, used 5786K [0x0000000701c00000, 0x0000000800000000)
  region size 2048K, 2 young (4096K), 1 survivors (2048K)
 Metaspace       used 8089K, committed 8256K, reserved 1114112K
  class space    used 945K, committed 1024K, reserved 1048576K
}
Event: 1.052 GC heap after
{Heap after GC invocations=6 (full 0):
 garbage-first heap   total reserved 4165632K, committed 20480K, used 4092K [0x0000000701c00000, 0x0000000800000000)
  region size 2048K, 1 young (2048K), 1 survivors (2048K)
 Metaspace       used 8089K, committed 8256K, reserved 1114112K
  class space    used 945K, committed 1024K, reserved 1048576K
}
Event: 1.206 GC heap before
{Heap before GC invocations=6 (full 0):
 garbage-first heap   total reserved 4165632K, committed 20480K, used 12284K [0x0000000701c00000, 0x0000000800000000)
  region size 2048K, 5 young (10240K), 1 survivors (2048K)
 Metaspace       used 8484K, committed 8640K, reserved 1114112K
  class space    used 1003K, committed 1088K, reserved 1048576K
}
Event: 1.215 GC heap after
{Heap after GC invocations=7 (full 0):
 garbage-first heap   total reserved 4165632K, committed 20480K, used 5263K [0x0000000701c00000, 0x0000000800000000)
  region size 2048K, 1 young (2048K), 1 survivors (2048K)
 Metaspace       used 8484K, committed 8640K, reserved 1114112K
  class space    used 1003K, committed 1088K, reserved 1048576K
}

